app/build/outputs/logs/manifest-merger-debug-report.txt
-- Merging decision tree log ---
manifest
ADDED from src/main/AndroidManifest.xml:19:1-36:12
	package
		ADDED from src/main/AndroidManifest.xml:20:7-46
		INJECTED from src/main/AndroidManifest.xml
		INJECTED from src/main/AndroidManifest.xml
	android:versionName
		ADDED from src/main/AndroidManifest.xml:22:7-32
		INJECTED from src/main/AndroidManifest.xml
		INJECTED from src/main/AndroidManifest.xml
	android:versionCode
		ADDED from src/main/AndroidManifest.xml:21:7-30
		INJECTED from src/main/AndroidManifest.xml
		INJECTED from src/main/AndroidManifest.xml
	xmlns:android
		ADDED from src/main/AndroidManifest.xml:19:11-69
uses-sdk
ADDED from src/main/AndroidManifest.xml:23:5-73
	android:targetSdkVersion
		ADDED from src/main/AndroidManifest.xml:23:15-44
		INJECTED from src/main/AndroidManifest.xml
		INJECTED from src/main/AndroidManifest.xml
	android:minSdkVersion
		ADDED from src/main/AndroidManifest.xml:23:45-71
		INJECTED from src/main/AndroidManifest.xml
		INJECTED from src/main/AndroidManifest.xml
application
ADDED from src/main/AndroidManifest.xml:25:5-35:19
	android:label
		ADDED from src/main/AndroidManifest.xml:25:49-81
	android:icon
		ADDED from src/main/AndroidManifest.xml:25:18-48
activity#com.examples.android.calendar.CalendarViewSampleActivity
ADDED from src/main/AndroidManifest.xml:26:9-32:20
	android:label
		ADDED from src/main/AndroidManifest.xml:27:19-51
	android:name
		ADDED from src/main/AndroidManifest.xml:26:19-61
intent-filter#android.intent.action.MAIN+android.intent.category.LAUNCHER
ADDED from src/main/AndroidManifest.xml:28:13-31:29
action#android.intent.action.MAIN
ADDED from src/main/AndroidManifest.xml:29:17-69
	android:name
		ADDED from src/main/AndroidManifest.xml:29:25-66
category#android.intent.category.LAUNCHER
ADDED from src/main/AndroidManifest.xml:30:17-77
	android:name
		ADDED from src/main/AndroidManifest.xml:30:27-74
activity#com.examples.android.calendar.CalendarView
ADDED from src/main/AndroidManifest.xml:33:9-88
	android:name
		ADDED from src/main/AndroidManifest.xml:33:19-76